614 880 179
37 858 171
448 95 144
909 729 179
809 808 47
677 490 145
707 452 171
657 315 145
816 657 171
851 989 179
881 456 179
647 227 144
402 572 142
370 977 179
51 528 144
367 767 171
95 224 125
383 181 144
799 697 171
925 7 179
634 912 179
872 981 174
768 778 153
980 431 179
92 857 171
192 914 179
687 472 145
798 707 153
209 300 128
615 489 142
613 216 144
986 104 179
431 569 142
787 209 171
12 711 171
895 145 179
935 550 179
590 180 144
980 570 179
856 508 171
140 546 144
840 898 179
507 316 144
239 658 145
185 745 171
177 544 144
850 100 171
353 844 171
347 331 126
982 986 143
223 355 144
910 419 179
806 131 171
204 470 144
353 687 145
876 9 179
810 376 171
641 479 142
250 424 144
162 180 125
229 197 120
733 173 171
573 50 144
300 26 128
824 887 179
422 426 59
913 722 179
925 38 179
394 443 134
77 896 179
888 429 179
940 646 179
266 274 92
329 486 134
581 645 132
888 626 179
207 4 125
67 595 144
502 778 171
869 883 179
172 993 179
140 573 144
632 908 179
705 9 171
989 637 179
830 968 179
430 788 171
616 64 144
137 172 125
298 886 179
715 927 179
734 802 153
870 956 179
665 674 145
397 682 145
215 391 144
340 514 142
67 509 144
277 239 123
793 555 171
